aeros doilt docht 
correct: do  t absent: aersilch present: o
aback: incorrect
abase: incorrect
abate: incorrect
abbey: incorrect
abbot: incorrect
abhor: incorrect
abide: incorrect
abled: incorrect
abode: incorrect
abort: incorrect
about: incorrect
above: incorrect
abuse: incorrect
abyss: incorrect
acorn: incorrect
acrid: incorrect
actor: incorrect
acute: incorrect
adage: incorrect
adapt: incorrect
adept: incorrect
admin: incorrect
admit: incorrect
adobe: incorrect
adopt: incorrect
adore: incorrect
adorn: incorrect
adult: incorrect
affix: incorrect
afire: incorrect
afoot: incorrect
afoul: incorrect
after: incorrect
again: incorrect
agape: incorrect
agate: incorrect
agent: incorrect
agile: incorrect
aging: incorrect
aglow: incorrect
agony: incorrect
agree: incorrect
ahead: incorrect
aider: incorrect
aisle: incorrect
alarm: incorrect
album: incorrect
alert: incorrect
algae: incorrect
alibi: incorrect
alien: incorrect
align: incorrect
alike: incorrect
alive: incorrect
allay: incorrect
alley: incorrect
allot: incorrect
allow: incorrect
alloy: incorrect
aloft: incorrect
alone: incorrect
along: incorrect
aloof: incorrect
aloud: incorrect
alpha: incorrect
altar: incorrect
alter: incorrect
amass: incorrect
amaze: incorrect
amber: incorrect
amble: incorrect
amend: incorrect
amiss: incorrect
amity: incorrect
among: incorrect
ample: incorrect
amply: incorrect
amuse: incorrect
angel: incorrect
anger: incorrect
angle: incorrect
angry: incorrect
angst: incorrect
anime: incorrect
ankle: incorrect
annex: incorrect
annoy: incorrect
annul: incorrect
anode: incorrect
antic: incorrect
anvil: incorrect
aorta: incorrect
apart: incorrect
aphid: incorrect
aping: incorrect
apnea: incorrect
apple: incorrect
apply: incorrect
apron: incorrect
aptly: incorrect
arbor: incorrect
ardor: incorrect
arena: incorrect
argue: incorrect
arise: incorrect
armor: incorrect
aroma: incorrect
arose: incorrect
array: incorrect
arrow: incorrect
arson: incorrect
artsy: incorrect
ascot: incorrect
ashen: incorrect
aside: incorrect
askew: incorrect
assay: incorrect
asset: incorrect
atoll: incorrect
atone: incorrect
attic: incorrect
audio: incorrect
audit: incorrect
augur: incorrect
aunty: incorrect
avail: incorrect
avert: incorrect
avian: incorrect
avoid: incorrect
await: incorrect
awake: incorrect
award: incorrect
aware: incorrect
awash: incorrect
awful: incorrect
awoke: incorrect
axial: incorrect
axiom: incorrect
axion: incorrect
azure: incorrect
bacon: incorrect
badge: incorrect
badly: incorrect
bagel: incorrect
baggy: incorrect
baker: incorrect
baler: incorrect
balmy: incorrect
banal: incorrect
banjo: incorrect
barge: incorrect
baron: incorrect
basal: incorrect
basic: incorrect
basil: incorrect
basin: incorrect
basis: incorrect
baste: incorrect
batch: incorrect
bathe: incorrect
baton: incorrect
batty: incorrect
bawdy: incorrect
bayou: incorrect
beach: incorrect
beady: incorrect
beard: incorrect
beast: incorrect
beech: incorrect
beefy: incorrect
befit: incorrect
began: incorrect
begat: incorrect
beget: incorrect
begin: incorrect
begun: incorrect
being: incorrect
belch: incorrect
belie: incorrect
belle: incorrect
belly: incorrect
below: incorrect
bench: incorrect
beret: incorrect
berry: incorrect
berth: incorrect
beset: incorrect
betel: incorrect
bevel: incorrect
bezel: incorrect
bible: incorrect
bicep: incorrect
biddy: incorrect
bigot: incorrect
bilge: incorrect
billy: incorrect
binge: incorrect
bingo: incorrect
biome: incorrect
birch: incorrect
birth: incorrect
bison: incorrect
bitty: incorrect
black: incorrect
blade: incorrect
blame: incorrect
bland: incorrect
blank: incorrect
blare: incorrect
blast: incorrect
blaze: incorrect
bleak: incorrect
bleat: incorrect
bleed: incorrect
bleep: incorrect
blend: incorrect
bless: incorrect
blimp: incorrect
blind: incorrect
blink: incorrect
bliss: incorrect
blitz: incorrect
bloat: incorrect
block: incorrect
bloke: incorrect
blond: incorrect
blood: incorrect
bloom: incorrect
blown: incorrect
bluer: incorrect
bluff: incorrect
blunt: incorrect
blurb: incorrect
blurt: incorrect
blush: incorrect
board: incorrect
boast: incorrect
bobby: incorrect
boney: incorrect
bongo: incorrect
bonus: incorrect
booby: incorrect
boost: incorrect
booth: incorrect
booty: incorrect
booze: incorrect
boozy: incorrect
borax: incorrect
borne: incorrect
bosom: incorrect
bossy: incorrect
botch: incorrect
bough: incorrect
boule: incorrect
bound: incorrect
bowel: incorrect
boxer: incorrect
brace: incorrect
braid: incorrect
brain: incorrect
brake: incorrect
brand: incorrect
brash: incorrect
brass: incorrect
brave: incorrect
bravo: incorrect
brawl: incorrect
brawn: incorrect
bread: incorrect
break: incorrect
breed: incorrect
briar: incorrect
bribe: incorrect
brick: incorrect
bride: incorrect
brief: incorrect
brine: incorrect
bring: incorrect
brink: incorrect
briny: incorrect
brisk: incorrect
broad: incorrect
broil: incorrect
broke: incorrect
brood: incorrect
brook: incorrect
broom: incorrect
broth: incorrect
brown: incorrect
brunt: incorrect
brush: incorrect
brute: incorrect
buddy: incorrect
budge: incorrect
buggy: incorrect
bugle: incorrect
build: incorrect
built: incorrect
bulge: incorrect
bulky: incorrect
bully: incorrect
bunch: incorrect
bunny: incorrect
burly: incorrect
burnt: incorrect
burst: incorrect
bused: incorrect
bushy: incorrect
butch: incorrect
butte: incorrect
buxom: incorrect
buyer: incorrect
bylaw: incorrect
cabal: incorrect
cabby: incorrect
cabin: incorrect
cable: incorrect
cacao: incorrect
cache: incorrect
cacti: incorrect
caddy: incorrect
cadet: incorrect
cagey: incorrect
cairn: incorrect
camel: incorrect
cameo: incorrect
canal: incorrect
candy: incorrect
canny: incorrect
canoe: incorrect
canon: incorrect
caper: incorrect
caput: incorrect
carat: incorrect
cargo: incorrect
carol: incorrect
carry: incorrect
carve: incorrect
caste: incorrect
catch: incorrect
cater: incorrect
catty: incorrect
caulk: incorrect
cause: incorrect
cavil: incorrect
cease: incorrect
cedar: incorrect
cello: incorrect
chafe: incorrect
chaff: incorrect
chain: incorrect
chair: incorrect
chalk: incorrect
champ: incorrect
chant: incorrect
chaos: incorrect
chard: incorrect
charm: incorrect
chart: incorrect
chase: incorrect
chasm: incorrect
cheap: incorrect
cheat: incorrect
check: incorrect
cheek: incorrect
cheer: incorrect
chess: incorrect
chest: incorrect
chick: incorrect
chide: incorrect
chief: incorrect
child: incorrect
chili: incorrect
chill: incorrect
chime: incorrect
china: incorrect
chirp: incorrect
chock: incorrect
choir: incorrect
choke: incorrect
chord: incorrect
chore: incorrect
chose: incorrect
chuck: incorrect
chump: incorrect
chunk: incorrect
churn: incorrect
chute: incorrect
cider: incorrect
cigar: incorrect
cinch: incorrect
circa: incorrect
civic: incorrect
civil: incorrect
clack: incorrect
claim: incorrect
clamp: incorrect
clang: incorrect
clank: incorrect
clash: incorrect
clasp: incorrect
class: incorrect
clean: incorrect
clear: incorrect
cleat: incorrect
cleft: incorrect
clerk: incorrect
click: incorrect
cliff: incorrect
climb: incorrect
cling: incorrect
clink: incorrect
cloak: incorrect
clock: incorrect
clone: incorrect
close: incorrect
cloth: incorrect
cloud: incorrect
clout: incorrect
clove: incorrect
clown: incorrect
cluck: incorrect
clued: incorrect
clump: incorrect
clung: incorrect
coach: incorrect
coast: incorrect
cobra: incorrect
cocoa: incorrect
colon: incorrect
color: incorrect
comet: incorrect
comfy: incorrect
comic: incorrect
comma: incorrect
conch: incorrect
condo: incorrect
conic: incorrect
copse: incorrect
coral: incorrect
corer: incorrect
corny: incorrect
couch: incorrect
cough: incorrect
could: incorrect
count: incorrect
coupe: incorrect
court: incorrect
coven: incorrect
cover: incorrect
covet: incorrect
covey: incorrect
cower: incorrect
coyly: incorrect
crack: incorrect
craft: incorrect
cramp: incorrect
crane: incorrect
crank: incorrect
crash: incorrect
crass: incorrect
crate: incorrect
crave: incorrect
crawl: incorrect
craze: incorrect
crazy: incorrect
creak: incorrect
cream: incorrect
credo: incorrect
creed: incorrect
creek: incorrect
creep: incorrect
creme: incorrect
crepe: incorrect
crept: incorrect
cress: incorrect
crest: incorrect
crick: incorrect
cried: incorrect
crier: incorrect
crime: incorrect
crimp: incorrect
crisp: incorrect
croak: incorrect
crock: incorrect
crone: incorrect
crony: incorrect
crook: incorrect
cross: incorrect
croup: incorrect
crowd: incorrect
crown: incorrect
crude: incorrect
cruel: incorrect
crumb: incorrect
crump: incorrect
crush: incorrect
crust: incorrect
crypt: incorrect
cubic: incorrect
cumin: incorrect
curio: incorrect
curly: incorrect
curry: incorrect
curse: incorrect
curve: incorrect
curvy: incorrect
cutie: incorrect
cyber: incorrect
cycle: incorrect
cynic: incorrect
daddy: incorrect
daily: incorrect
dairy: incorrect
daisy: incorrect
dally: incorrect
dance: incorrect
dandy: incorrect
datum: incorrect
daunt: incorrect
dealt: incorrect
death: incorrect
debar: incorrect
debit: incorrect
debug: incorrect
debut: incorrect
decal: incorrect
decay: incorrect
decor: incorrect
decoy: incorrect
decry: incorrect
defer: incorrect
deign: incorrect
deity: incorrect
delay: incorrect
delta: incorrect
delve: incorrect
demon: incorrect
demur: incorrect
denim: incorrect
dense: incorrect
depot: incorrect
depth: incorrect
derby: incorrect
deter: incorrect
detox: incorrect
deuce: incorrect
devil: incorrect
diary: incorrect
dicey: incorrect
digit: incorrect
dilly: incorrect
dimly: incorrect
diner: incorrect
dingo: incorrect
dingy: incorrect
diode: incorrect
dirge: incorrect
dirty: incorrect
disco: incorrect
ditch: incorrect
ditto: incorrect
ditty: incorrect
diver: incorrect
dizzy: incorrect
dodge: incorrect
dodgy: incorrect
dogma: incorrect
doing: incorrect
dolly: incorrect
donor: incorrect
donut
